[08-Jun-2025 16:25:01 America/Fortaleza] auth.php: Ponto de Depuração 3: Depois de incluir db_config.php
[08-Jun-2025 16:25:01 America/Fortaleza] auth.php: Ponto de Depuração 4: Antes do processamento do POST de login
[08-Jun-2025 16:25:01 America/Fortaleza] auth.php: Ponto de Depuração 12: Antes de exibir o formulário de login (se não estiver logado)
[08-Jun-2025 16:25:51 America/Fortaleza] auth.php: Ponto de Depuração 3: Depois de incluir db_config.php
[08-Jun-2025 16:25:51 America/Fortaleza] auth.php: Ponto de Depuração 4: Antes do processamento do POST de login
[08-Jun-2025 16:25:51 America/Fortaleza] auth.php: Ponto de Depuração 12: Antes de exibir o formulário de login (se não estiver logado)
[08-Jun-2025 16:26:43 America/Fortaleza] auth.php: Ponto de Depuração 3: Depois de incluir db_config.php
[08-Jun-2025 16:26:43 America/Fortaleza] auth.php: Ponto de Depuração 4: Antes do processamento do POST de login
[08-Jun-2025 16:26:43 America/Fortaleza] auth.php: Ponto de Depuração 12: Antes de exibir o formulário de login (se não estiver logado)
[08-Jun-2025 16:26:47 America/Fortaleza] auth.php: Ponto de Depuração 3: Depois de incluir db_config.php
[08-Jun-2025 16:26:47 America/Fortaleza] auth.php: Ponto de Depuração 4: Antes do processamento do POST de login
[08-Jun-2025 16:26:47 America/Fortaleza] auth.php: Ponto de Depuração 12: Antes de exibir o formulário de login (se não estiver logado)
[08-Jun-2025 16:28:35 America/Fortaleza] auth.php: Ponto de Depuração 3: Depois de incluir db_config.php
[08-Jun-2025 16:28:35 America/Fortaleza] auth.php: Ponto de Depuração 4: Antes do processamento do POST de login. REQUEST_METHOD: GET, POST_login_isset: false
[08-Jun-2025 16:28:35 America/Fortaleza] auth.php: Ponto de Depuração 12: Antes de exibir o formulário de login (se não estiver logado)
[08-Jun-2025 16:28:40 America/Fortaleza] auth.php: Ponto de Depuração 3: Depois de incluir db_config.php
[08-Jun-2025 16:28:40 America/Fortaleza] auth.php: Ponto de Depuração 4: Antes do processamento do POST de login. REQUEST_METHOD: GET, POST_login_isset: false
[08-Jun-2025 16:28:40 America/Fortaleza] auth.php: Ponto de Depuração 12: Antes de exibir o formulário de login (se não estiver logado)
[08-Jun-2025 16:29:14 America/Fortaleza] auth.php: Ponto de Depuração 3: Depois de incluir db_config.php
[08-Jun-2025 16:29:14 America/Fortaleza] auth.php: Ponto de Depuração 4: Antes do processamento do POST de login. REQUEST_METHOD: GET, POST_login_isset: false
[08-Jun-2025 16:29:14 America/Fortaleza] auth.php: Ponto de Depuração 12: Antes de exibir o formulário de login (se não estiver logado)
[08-Jun-2025 16:29:18 America/Fortaleza] auth.php: Ponto de Depuração 3: Depois de incluir db_config.php
[08-Jun-2025 16:29:18 America/Fortaleza] auth.php: Ponto de Depuração 4: Antes do processamento do POST de login. REQUEST_METHOD: GET, POST_login_isset: false
[08-Jun-2025 16:29:18 America/Fortaleza] auth.php: Ponto de Depuração 12: Antes de exibir o formulário de login (se não estiver logado)
[08-Jun-2025 16:30:00 America/Fortaleza] auth.php: Ponto de Depuração 3: Depois de incluir db_config.php
[08-Jun-2025 16:30:00 America/Fortaleza] auth.php: Ponto de Depuração 4: Antes do processamento do POST de login. REQUEST_METHOD: GET, POST_login_isset: false
[08-Jun-2025 16:30:00 America/Fortaleza] auth.php: Ponto de Depuração 12: Antes de exibir o formulário de login (se não estiver logado)
[08-Jun-2025 16:30:05 America/Fortaleza] auth.php: Ponto de Depuração 3: Depois de incluir db_config.php
[08-Jun-2025 16:30:05 America/Fortaleza] auth.php: Ponto de Depuração 4: Antes do processamento do POST de login. REQUEST_METHOD: GET, POST_login_isset: false
[08-Jun-2025 16:30:05 America/Fortaleza] auth.php: Ponto de Depuração 12: Antes de exibir o formulário de login (se não estiver logado)
[08-Jun-2025 16:30:26 America/Fortaleza] auth.php: Ponto de Depuração 3: Depois de incluir db_config.php
[08-Jun-2025 16:30:26 America/Fortaleza] auth.php: Ponto de Depuração 4: Antes do processamento do POST de login. REQUEST_METHOD: GET, POST_login_isset: false
[08-Jun-2025 16:30:26 America/Fortaleza] auth.php: Ponto de Depuração 12: Antes de exibir o formulário de login (se não estiver logado)
[08-Jun-2025 16:30:38 America/Fortaleza] auth.php: Ponto de Depuração 3: Depois de incluir db_config.php
[08-Jun-2025 16:30:38 America/Fortaleza] auth.php: Ponto de Depuração 4: Antes do processamento do POST de login. REQUEST_METHOD: GET, POST_login_isset: false
[08-Jun-2025 16:30:38 America/Fortaleza] auth.php: Ponto de Depuração 12: Antes de exibir o formulário de login (se não estiver logado)
[08-Jun-2025 16:30:44 America/Fortaleza] auth.php: Ponto de Depuração 3: Depois de incluir db_config.php
[08-Jun-2025 16:30:44 America/Fortaleza] auth.php: Ponto de Depuração 4: Antes do processamento do POST de login. REQUEST_METHOD: GET, POST_login_isset: false
[08-Jun-2025 16:30:44 America/Fortaleza] auth.php: Ponto de Depuração 12: Antes de exibir o formulário de login (se não estiver logado)
[08-Jun-2025 16:31:44 America/Fortaleza] auth.php: Ponto de Depuração 3: Depois de incluir db_config.php
[08-Jun-2025 16:31:44 America/Fortaleza] auth.php: Ponto de Depuração 4: Antes do processamento do POST de login. REQUEST_METHOD: GET, POST_login_isset: false
[08-Jun-2025 16:31:44 America/Fortaleza] auth.php: Ponto de Depuração 12: Antes de exibir o formulário de login (se não estiver logado)
[08-Jun-2025 16:31:45 America/Fortaleza] auth.php: Ponto de Depuração 3: Depois de incluir db_config.php
[08-Jun-2025 16:31:45 America/Fortaleza] auth.php: Ponto de Depuração 4: Antes do processamento do POST de login. REQUEST_METHOD: GET, POST_login_isset: false
[08-Jun-2025 16:31:45 America/Fortaleza] auth.php: Ponto de Depuração 12: Antes de exibir o formulário de login (se não estiver logado)
[08-Jun-2025 16:32:36 America/Fortaleza] auth.php: Ponto de Depuração 3: Depois de incluir db_config.php
[08-Jun-2025 16:32:36 America/Fortaleza] auth.php: Ponto de Depuração 4: Antes do processamento do POST de login. REQUEST_METHOD: GET, POST_login_isset: false
[08-Jun-2025 16:32:36 America/Fortaleza] auth.php: Ponto de Depuração 12: Antes de exibir o formulário de login (se não estiver logado)
[08-Jun-2025 16:32:44 America/Fortaleza] auth.php: Ponto de Depuração 3: Depois de incluir db_config.php
[08-Jun-2025 16:32:44 America/Fortaleza] auth.php: Ponto de Depuração 4: Antes do processamento do POST de login. REQUEST_METHOD: GET, POST_login_isset: false
[08-Jun-2025 16:32:44 America/Fortaleza] auth.php: Ponto de Depuração 12: Antes de exibir o formulário de login (se não estiver logado)
[08-Jun-2025 16:34:33 America/Fortaleza] auth.php: Ponto de Depuração 3: Depois de incluir db_config.php
[08-Jun-2025 16:34:33 America/Fortaleza] auth.php: Ponto de Depuração 4: Antes do processamento do POST de login. REQUEST_METHOD: GET, POST_login_isset: false
[08-Jun-2025 16:34:33 America/Fortaleza] auth.php: Ponto de Depuração 12: Antes de exibir o formulário de login (se não estiver logado)
[08-Jun-2025 16:34:43 America/Fortaleza] auth.php: Ponto de Depuração 3: Depois de incluir db_config.php
[08-Jun-2025 16:34:43 America/Fortaleza] auth.php: Ponto de Depuração 4: Antes do processamento do POST de login. REQUEST_METHOD: GET, POST_login_isset: false
[08-Jun-2025 16:34:43 America/Fortaleza] auth.php: Ponto de Depuração 12: Antes de exibir o formulário de login (se não estiver logado)
[08-Jun-2025 16:34:53 America/Fortaleza] auth.php: Ponto de Depuração 3: Depois de incluir db_config.php
[08-Jun-2025 16:34:53 America/Fortaleza] auth.php: Ponto de Depuração 4: Antes do processamento do POST de login. REQUEST_METHOD: GET, POST_login_isset: false
[08-Jun-2025 16:34:53 America/Fortaleza] auth.php: Ponto de Depuração 12: Antes de exibir o formulário de login (se não estiver logado)
[08-Jun-2025 16:35:11 America/Fortaleza] auth.php: Ponto de Depuração 3: Depois de incluir db_config.php
[08-Jun-2025 16:35:11 America/Fortaleza] auth.php: Ponto de Depuração 4: Antes do processamento do POST de login. REQUEST_METHOD: GET, POST_login_isset: false
[08-Jun-2025 16:35:11 America/Fortaleza] auth.php: Ponto de Depuração 12: Antes de exibir o formulário de login (se não estiver logado)
[08-Jun-2025 16:44:04 America/Fortaleza] auth.php: Ponto de Depuração 3: Depois de incluir db_config.php
[08-Jun-2025 16:44:04 America/Fortaleza] auth.php: Ponto de Depuração 4: Antes do processamento do POST de login. REQUEST_METHOD: GET, POST_login_isset: false
[08-Jun-2025 16:44:04 America/Fortaleza] auth.php: Ponto de Depuração 12: Antes de exibir o formulário de login (se não estiver logado)
[08-Jun-2025 16:44:19 America/Fortaleza] auth.php: Ponto de Depuração 3: Depois de incluir db_config.php
[08-Jun-2025 16:44:19 America/Fortaleza] auth.php: Ponto de Depuração 4: Antes do processamento do POST de login. REQUEST_METHOD: GET, POST_login_isset: false
[08-Jun-2025 16:44:19 America/Fortaleza] auth.php: Ponto de Depuração 12: Antes de exibir o formulário de login (se não estiver logado)
[08-Jun-2025 16:44:35 America/Fortaleza] auth.php: Ponto de Depuração 3: Depois de incluir db_config.php
[08-Jun-2025 16:44:35 America/Fortaleza] auth.php: Ponto de Depuração 4: Antes do processamento do POST de login. REQUEST_METHOD: GET, POST_login_isset: false
[08-Jun-2025 16:44:35 America/Fortaleza] auth.php: Ponto de Depuração 12: Antes de exibir o formulário de login (se não estiver logado)
[08-Jun-2025 16:44:48 America/Fortaleza] auth.php: Ponto de Depuração 3: Depois de incluir db_config.php
[08-Jun-2025 16:44:48 America/Fortaleza] auth.php: Ponto de Depuração 4: Antes do processamento do POST de login. REQUEST_METHOD: GET, POST_login_isset: false
[08-Jun-2025 16:44:48 America/Fortaleza] auth.php: Ponto de Depuração 12: Antes de exibir o formulário de login (se não estiver logado)
[08-Jun-2025 16:45:37 America/Fortaleza] auth.php: Ponto de Depuração 3: Depois de incluir db_config.php
[08-Jun-2025 16:45:37 America/Fortaleza] auth.php: Ponto de Depuração 4: Antes do processamento do POST de login. REQUEST_METHOD: GET, POST_login_isset: false
[08-Jun-2025 16:45:37 America/Fortaleza] auth.php: Ponto de Depuração 12: Antes de exibir o formulário de login (se não estiver logado)
[08-Jun-2025 16:45:42 America/Fortaleza] auth.php: Ponto de Depuração 3: Depois de incluir db_config.php
[08-Jun-2025 16:45:42 America/Fortaleza] auth.php: Ponto de Depuração 4: Antes do processamento do POST de login. REQUEST_METHOD: GET, POST_login_isset: false
[08-Jun-2025 16:45:42 America/Fortaleza] auth.php: Ponto de Depuração 12: Antes de exibir o formulário de login (se não estiver logado)
[08-Jun-2025 16:46:15 America/Fortaleza] auth.php: Ponto de Depuração 3: Depois de incluir db_config.php
[08-Jun-2025 16:46:15 America/Fortaleza] auth.php: Ponto de Depuração 4: Antes do processamento do POST de login. REQUEST_METHOD: GET, POST_login_isset: false
[08-Jun-2025 16:46:15 America/Fortaleza] auth.php: Ponto de Depuração 12: Antes de exibir o formulário de login (se não estiver logado)
[08-Jun-2025 16:46:28 America/Fortaleza] auth.php: Ponto de Depuração 3: Depois de incluir db_config.php
[08-Jun-2025 16:46:28 America/Fortaleza] auth.php: Ponto de Depuração 4: Antes do processamento do POST de login. REQUEST_METHOD: GET, POST_login_isset: false
[08-Jun-2025 16:46:28 America/Fortaleza] auth.php: Ponto de Depuração 12: Antes de exibir o formulário de login (se não estiver logado)
[08-Jun-2025 16:46:34 America/Fortaleza] auth.php: Ponto de Depuração 3: Depois de incluir db_config.php
[08-Jun-2025 16:46:34 America/Fortaleza] auth.php: Ponto de Depuração 4: Antes do processamento do POST de login. REQUEST_METHOD: GET, POST_login_isset: false
[08-Jun-2025 16:46:34 America/Fortaleza] auth.php: Ponto de Depuração 12: Antes de exibir o formulário de login (se não estiver logado)
[08-Jun-2025 16:46:47 America/Fortaleza] auth.php: Ponto de Depuração 3: Depois de incluir db_config.php
[08-Jun-2025 16:46:47 America/Fortaleza] auth.php: Ponto de Depuração 4: Antes do processamento do POST de login. REQUEST_METHOD: GET, POST_login_isset: false
[08-Jun-2025 16:46:47 America/Fortaleza] auth.php: Ponto de Depuração 12: Antes de exibir o formulário de login (se não estiver logado)
[08-Jun-2025 16:46:47 America/Fortaleza] auth.php: Ponto de Depuração 3: Depois de incluir db_config.php
[08-Jun-2025 16:46:47 America/Fortaleza] auth.php: Ponto de Depuração 4: Antes do processamento do POST de login. REQUEST_METHOD: GET, POST_login_isset: false
[08-Jun-2025 16:46:47 America/Fortaleza] auth.php: Ponto de Depuração 12: Antes de exibir o formulário de login (se não estiver logado)
[08-Jun-2025 16:46:48 America/Fortaleza] auth.php: Ponto de Depuração 3: Depois de incluir db_config.php
[08-Jun-2025 16:46:48 America/Fortaleza] auth.php: Ponto de Depuração 4: Antes do processamento do POST de login. REQUEST_METHOD: GET, POST_login_isset: false
[08-Jun-2025 16:46:48 America/Fortaleza] auth.php: Ponto de Depuração 12: Antes de exibir o formulário de login (se não estiver logado)
[08-Jun-2025 16:46:48 America/Fortaleza] auth.php: Ponto de Depuração 3: Depois de incluir db_config.php
[08-Jun-2025 16:46:48 America/Fortaleza] auth.php: Ponto de Depuração 4: Antes do processamento do POST de login. REQUEST_METHOD: GET, POST_login_isset: false
[08-Jun-2025 16:46:48 America/Fortaleza] auth.php: Ponto de Depuração 12: Antes de exibir o formulário de login (se não estiver logado)
[08-Jun-2025 16:46:48 America/Fortaleza] auth.php: Ponto de Depuração 3: Depois de incluir db_config.php
[08-Jun-2025 16:46:48 America/Fortaleza] auth.php: Ponto de Depuração 4: Antes do processamento do POST de login. REQUEST_METHOD: GET, POST_login_isset: false
[08-Jun-2025 16:46:48 America/Fortaleza] auth.php: Ponto de Depuração 12: Antes de exibir o formulário de login (se não estiver logado)
[08-Jun-2025 16:46:48 America/Fortaleza] auth.php: Ponto de Depuração 3: Depois de incluir db_config.php
[08-Jun-2025 16:46:48 America/Fortaleza] auth.php: Ponto de Depuração 4: Antes do processamento do POST de login. REQUEST_METHOD: GET, POST_login_isset: false
[08-Jun-2025 16:46:48 America/Fortaleza] auth.php: Ponto de Depuração 12: Antes de exibir o formulário de login (se não estiver logado)
[08-Jun-2025 16:46:48 America/Fortaleza] auth.php: Ponto de Depuração 3: Depois de incluir db_config.php
[08-Jun-2025 16:46:48 America/Fortaleza] auth.php: Ponto de Depuração 4: Antes do processamento do POST de login. REQUEST_METHOD: GET, POST_login_isset: false
[08-Jun-2025 16:46:48 America/Fortaleza] auth.php: Ponto de Depuração 12: Antes de exibir o formulário de login (se não estiver logado)
[08-Jun-2025 16:46:49 America/Fortaleza] auth.php: Ponto de Depuração 3: Depois de incluir db_config.php
[08-Jun-2025 16:46:49 America/Fortaleza] auth.php: Ponto de Depuração 4: Antes do processamento do POST de login. REQUEST_METHOD: GET, POST_login_isset: false
[08-Jun-2025 16:46:49 America/Fortaleza] auth.php: Ponto de Depuração 12: Antes de exibir o formulário de login (se não estiver logado)
[08-Jun-2025 16:46:51 America/Fortaleza] auth.php: Ponto de Depuração 3: Depois de incluir db_config.php
[08-Jun-2025 16:46:51 America/Fortaleza] auth.php: Ponto de Depuração 4: Antes do processamento do POST de login. REQUEST_METHOD: GET, POST_login_isset: false
[08-Jun-2025 16:46:51 America/Fortaleza] auth.php: Ponto de Depuração 12: Antes de exibir o formulário de login (se não estiver logado)
[08-Jun-2025 16:47:08 America/Fortaleza] auth.php: Ponto de Depuração 3: Depois de incluir db_config.php
[08-Jun-2025 16:47:08 America/Fortaleza] auth.php: Ponto de Depuração 4: Antes do processamento do POST de login. REQUEST_METHOD: GET, POST_login_isset: false
[08-Jun-2025 16:47:08 America/Fortaleza] auth.php: Ponto de Depuração 12: Antes de exibir o formulário de login (se não estiver logado)
[08-Jun-2025 16:47:10 America/Fortaleza] auth.php: Ponto de Depuração 3: Depois de incluir db_config.php
[08-Jun-2025 16:47:10 America/Fortaleza] auth.php: Ponto de Depuração 4: Antes do processamento do POST de login. REQUEST_METHOD: GET, POST_login_isset: false
[08-Jun-2025 16:47:10 America/Fortaleza] auth.php: Ponto de Depuração 12: Antes de exibir o formulário de login (se não estiver logado)
[08-Jun-2025 16:47:12 America/Fortaleza] auth.php: Ponto de Depuração 3: Depois de incluir db_config.php
[08-Jun-2025 16:47:12 America/Fortaleza] auth.php: Ponto de Depuração 4: Antes do processamento do POST de login. REQUEST_METHOD: GET, POST_login_isset: false
[08-Jun-2025 16:47:12 America/Fortaleza] auth.php: Ponto de Depuração 12: Antes de exibir o formulário de login (se não estiver logado)
[08-Jun-2025 16:47:23 America/Fortaleza] auth.php: Ponto de Depuração 3: Depois de incluir db_config.php
[08-Jun-2025 16:47:23 America/Fortaleza] auth.php: Ponto de Depuração 4: Antes do processamento do POST de login. REQUEST_METHOD: GET, POST_login_isset: false
[08-Jun-2025 16:47:23 America/Fortaleza] auth.php: Ponto de Depuração 12: Antes de exibir o formulário de login (se não estiver logado)
[08-Jun-2025 16:50:57 America/Fortaleza] auth.php: Ponto de Depuração 3: Depois de incluir db_config.php
[08-Jun-2025 16:50:57 America/Fortaleza] auth.php: Ponto de Depuração 4: Antes do processamento do POST de login. REQUEST_METHOD: GET, POST_login_isset: false
[08-Jun-2025 16:50:57 America/Fortaleza] auth.php: Ponto de Depuração 12: Antes de exibir o formulário de login (se não estiver logado)
[08-Jun-2025 16:51:03 America/Fortaleza] auth.php: Ponto de Depuração 3: Depois de incluir db_config.php
[08-Jun-2025 16:51:03 America/Fortaleza] auth.php: Ponto de Depuração 4: Antes do processamento do POST de login. REQUEST_METHOD: POST, POST_login_isset: true
[08-Jun-2025 16:51:03 America/Fortaleza] auth.php: Ponto de Depuração 5: Dentro do processamento do POST de login. Utilizador: ricardo@seguirplay.com
[08-Jun-2025 16:51:03 America/Fortaleza] auth.php: Ponto de Depuração 6: Conexão PDO disponível.
[08-Jun-2025 16:51:03 America/Fortaleza] auth.php: Ponto de Depuração 7: Consulta de utilizador executada. Utilizador encontrado: Não
[08-Jun-2025 16:51:03 America/Fortaleza] auth.php: Ponto de Depuração 9: Utilizador ou senha incorretos.
[08-Jun-2025 16:51:03 America/Fortaleza] auth.php: Ponto de Depuração 12: Antes de exibir o formulário de login (se não estiver logado)
[08-Jun-2025 16:51:36 America/Fortaleza] auth.php: Ponto de Depuração 3: Depois de incluir db_config.php
[08-Jun-2025 16:51:36 America/Fortaleza] auth.php: Ponto de Depuração 4: Antes do processamento do POST de login. REQUEST_METHOD: POST, POST_login_isset: true
[08-Jun-2025 16:51:36 America/Fortaleza] auth.php: Ponto de Depuração 5: Dentro do processamento do POST de login. Utilizador: admin
[08-Jun-2025 16:51:36 America/Fortaleza] auth.php: Ponto de Depuração 6: Conexão PDO disponível.
[08-Jun-2025 16:51:36 America/Fortaleza] auth.php: Ponto de Depuração 7: Consulta de utilizador executada. Utilizador encontrado: Sim
[08-Jun-2025 16:51:36 America/Fortaleza] auth.php: Ponto de Depuração 8: Login bem-sucedido. Redirecionando.
[08-Jun-2025 16:51:36 America/Fortaleza] auth.php: Ponto de Depuração 3: Depois de incluir db_config.php
[08-Jun-2025 16:51:36 America/Fortaleza] auth.php: Ponto de Depuração 4: Antes do processamento do POST de login. REQUEST_METHOD: GET, POST_login_isset: false
[08-Jun-2025 16:51:36 America/Fortaleza] auth.php: Ponto de Depuração 12: Antes de exibir o formulário de login (se não estiver logado)
[08-Jun-2025 16:51:49 America/Fortaleza] auth.php: Ponto de Depuração 3: Depois de incluir db_config.php
[08-Jun-2025 16:51:49 America/Fortaleza] auth.php: Ponto de Depuração 4: Antes do processamento do POST de login. REQUEST_METHOD: GET, POST_login_isset: false
[08-Jun-2025 16:51:49 America/Fortaleza] auth.php: Ponto de Depuração 12: Antes de exibir o formulário de login (se não estiver logado)
[08-Jun-2025 16:51:49 America/Fortaleza] auth.php: Ponto de Depuração 3: Depois de incluir db_config.php
[08-Jun-2025 16:51:49 America/Fortaleza] auth.php: Ponto de Depuração 4: Antes do processamento do POST de login. REQUEST_METHOD: GET, POST_login_isset: false
[08-Jun-2025 16:51:49 America/Fortaleza] auth.php: Ponto de Depuração 12: Antes de exibir o formulário de login (se não estiver logado)
[08-Jun-2025 16:51:53 America/Fortaleza] auth.php: Ponto de Depuração 3: Depois de incluir db_config.php
[08-Jun-2025 16:51:53 America/Fortaleza] auth.php: Ponto de Depuração 4: Antes do processamento do POST de login. REQUEST_METHOD: POST, POST_login_isset: true
[08-Jun-2025 16:51:53 America/Fortaleza] auth.php: Ponto de Depuração 5: Dentro do processamento do POST de login. Utilizador: ricardo@seguirplay.com
[08-Jun-2025 16:51:53 America/Fortaleza] auth.php: Ponto de Depuração 6: Conexão PDO disponível.
[08-Jun-2025 16:51:53 America/Fortaleza] auth.php: Ponto de Depuração 7: Consulta de utilizador executada. Utilizador encontrado: Não
[08-Jun-2025 16:51:53 America/Fortaleza] auth.php: Ponto de Depuração 9: Utilizador ou senha incorretos.
[08-Jun-2025 16:51:53 America/Fortaleza] auth.php: Ponto de Depuração 12: Antes de exibir o formulário de login (se não estiver logado)
[08-Jun-2025 17:01:45 America/Fortaleza] auth.php: Ponto de Depuração 3: Depois de incluir db_config.php
[08-Jun-2025 17:01:45 America/Fortaleza] auth.php: Ponto de Depuração 4: Antes do processamento do POST de login. REQUEST_METHOD: GET, POST_login_isset: false
[08-Jun-2025 17:01:45 America/Fortaleza] auth.php: Ponto de Depuração 12: Antes de exibir o formulário de login (se não estiver logado)
[08-Jun-2025 17:01:50 America/Fortaleza] auth.php: Ponto de Depuração 3: Depois de incluir db_config.php
[08-Jun-2025 17:01:50 America/Fortaleza] auth.php: Ponto de Depuração 4: Antes do processamento do POST de login. REQUEST_METHOD: GET, POST_login_isset: false
[08-Jun-2025 17:01:50 America/Fortaleza] auth.php: Ponto de Depuração 12: Antes de exibir o formulário de login (se não estiver logado)
[08-Jun-2025 17:04:01 America/Fortaleza] auth.php: Ponto de Depuração 3: Depois de incluir db_config.php
[08-Jun-2025 17:04:01 America/Fortaleza] auth.php: Ponto de Depuração 4: Antes do processamento do POST de login. REQUEST_METHOD: GET, POST_login_isset: false
[08-Jun-2025 17:04:01 America/Fortaleza] auth.php: Ponto de Depuração 12: Antes de exibir o formulário de login (se não estiver logado)
[08-Jun-2025 17:04:26 America/Fortaleza] auth.php: Ponto de Depuração 3: Depois de incluir db_config.php
[08-Jun-2025 17:04:26 America/Fortaleza] auth.php: Ponto de Depuração 4: Antes do processamento do POST de login. REQUEST_METHOD: POST, POST_login_isset: true
[08-Jun-2025 17:04:26 America/Fortaleza] auth.php: Ponto de Depuração 5: Dentro do processamento do POST de login. Utilizador: admin
[08-Jun-2025 17:04:26 America/Fortaleza] auth.php: Ponto de Depuração 6: Conexão PDO disponível.
[08-Jun-2025 17:04:26 America/Fortaleza] auth.php: Ponto de Depuração 7: Consulta de utilizador executada. Utilizador encontrado: Sim
[08-Jun-2025 17:04:26 America/Fortaleza] auth.php: Ponto de Depuração 8: Login bem-sucedido. Redirecionando.
[08-Jun-2025 17:04:26 America/Fortaleza] auth.php: Ponto de Depuração 3: Depois de incluir db_config.php
[08-Jun-2025 17:04:26 America/Fortaleza] auth.php: Ponto de Depuração 4: Antes do processamento do POST de login. REQUEST_METHOD: GET, POST_login_isset: false
[08-Jun-2025 17:04:26 America/Fortaleza] auth.php: Ponto de Depuração 12: Antes de exibir o formulário de login (se não estiver logado)
[08-Jun-2025 17:05:26 America/Fortaleza] auth.php: Ponto de Depuração 3: Depois de incluir db_config.php
[08-Jun-2025 17:05:26 America/Fortaleza] auth.php: Ponto de Depuração 4: Antes do processamento do POST de login. REQUEST_METHOD: GET, POST_login_isset: false
[08-Jun-2025 17:05:26 America/Fortaleza] auth.php: Ponto de Depuração 12: Antes de exibir o formulário de login (se não estiver logado)
[08-Jun-2025 17:05:26 America/Fortaleza] auth.php: Ponto de Depuração 3: Depois de incluir db_config.php
[08-Jun-2025 17:05:26 America/Fortaleza] auth.php: Ponto de Depuração 4: Antes do processamento do POST de login. REQUEST_METHOD: GET, POST_login_isset: false
[08-Jun-2025 17:05:26 America/Fortaleza] auth.php: Ponto de Depuração 12: Antes de exibir o formulário de login (se não estiver logado)
[08-Jun-2025 17:05:30 America/Fortaleza] auth.php: Ponto de Depuração 3: Depois de incluir db_config.php
[08-Jun-2025 17:05:30 America/Fortaleza] auth.php: Ponto de Depuração 4: Antes do processamento do POST de login. REQUEST_METHOD: POST, POST_login_isset: true
[08-Jun-2025 17:05:30 America/Fortaleza] auth.php: Ponto de Depuração 5: Dentro do processamento do POST de login. Utilizador: admin2
[08-Jun-2025 17:05:30 America/Fortaleza] auth.php: Ponto de Depuração 6: Conexão PDO disponível.
[08-Jun-2025 17:05:30 America/Fortaleza] auth.php: Ponto de Depuração 7: Consulta de utilizador executada. Utilizador encontrado: Sim
[08-Jun-2025 17:05:30 America/Fortaleza] auth.php: Ponto de Depuração 9: Utilizador ou senha incorretos.
[08-Jun-2025 17:05:30 America/Fortaleza] auth.php: Ponto de Depuração 12: Antes de exibir o formulário de login (se não estiver logado)
[08-Jun-2025 17:05:36 America/Fortaleza] auth.php: Ponto de Depuração 3: Depois de incluir db_config.php
[08-Jun-2025 17:05:36 America/Fortaleza] auth.php: Ponto de Depuração 4: Antes do processamento do POST de login. REQUEST_METHOD: POST, POST_login_isset: true
[08-Jun-2025 17:05:36 America/Fortaleza] auth.php: Ponto de Depuração 5: Dentro do processamento do POST de login. Utilizador: admin2
[08-Jun-2025 17:05:36 America/Fortaleza] auth.php: Ponto de Depuração 6: Conexão PDO disponível.
[08-Jun-2025 17:05:36 America/Fortaleza] auth.php: Ponto de Depuração 7: Consulta de utilizador executada. Utilizador encontrado: Sim
[08-Jun-2025 17:05:36 America/Fortaleza] auth.php: Ponto de Depuração 9: Utilizador ou senha incorretos.
[08-Jun-2025 17:05:36 America/Fortaleza] auth.php: Ponto de Depuração 12: Antes de exibir o formulário de login (se não estiver logado)
[08-Jun-2025 17:06:09 America/Fortaleza] auth.php: Ponto de Depuração 3: Depois de incluir db_config.php
[08-Jun-2025 17:06:09 America/Fortaleza] auth.php: Ponto de Depuração 4: Antes do processamento do POST de login. REQUEST_METHOD: POST, POST_login_isset: true
[08-Jun-2025 17:06:09 America/Fortaleza] auth.php: Ponto de Depuração 5: Dentro do processamento do POST de login. Utilizador: admin2
[08-Jun-2025 17:06:09 America/Fortaleza] auth.php: Ponto de Depuração 6: Conexão PDO disponível.
[08-Jun-2025 17:06:09 America/Fortaleza] auth.php: Ponto de Depuração 7: Consulta de utilizador executada. Utilizador encontrado: Sim
[08-Jun-2025 17:06:09 America/Fortaleza] auth.php: Ponto de Depuração 9: Utilizador ou senha incorretos.
[08-Jun-2025 17:06:09 America/Fortaleza] auth.php: Ponto de Depuração 12: Antes de exibir o formulário de login (se não estiver logado)
[08-Jun-2025 17:06:18 America/Fortaleza] auth.php: Ponto de Depuração 3: Depois de incluir db_config.php
[08-Jun-2025 17:06:18 America/Fortaleza] auth.php: Ponto de Depuração 4: Antes do processamento do POST de login. REQUEST_METHOD: POST, POST_login_isset: true
[08-Jun-2025 17:06:18 America/Fortaleza] auth.php: Ponto de Depuração 5: Dentro do processamento do POST de login. Utilizador: admin2
[08-Jun-2025 17:06:18 America/Fortaleza] auth.php: Ponto de Depuração 6: Conexão PDO disponível.
[08-Jun-2025 17:06:18 America/Fortaleza] auth.php: Ponto de Depuração 7: Consulta de utilizador executada. Utilizador encontrado: Sim
[08-Jun-2025 17:06:18 America/Fortaleza] auth.php: Ponto de Depuração 9: Utilizador ou senha incorretos.
[08-Jun-2025 17:06:18 America/Fortaleza] auth.php: Ponto de Depuração 12: Antes de exibir o formulário de login (se não estiver logado)
[08-Jun-2025 17:06:31 America/Fortaleza] auth.php: Ponto de Depuração 3: Depois de incluir db_config.php
[08-Jun-2025 17:06:31 America/Fortaleza] auth.php: Ponto de Depuração 4: Antes do processamento do POST de login. REQUEST_METHOD: POST, POST_login_isset: true
[08-Jun-2025 17:06:31 America/Fortaleza] auth.php: Ponto de Depuração 5: Dentro do processamento do POST de login. Utilizador: admin2
[08-Jun-2025 17:06:31 America/Fortaleza] auth.php: Ponto de Depuração 6: Conexão PDO disponível.
[08-Jun-2025 17:06:31 America/Fortaleza] auth.php: Ponto de Depuração 7: Consulta de utilizador executada. Utilizador encontrado: Sim
[08-Jun-2025 17:06:31 America/Fortaleza] auth.php: Ponto de Depuração 9: Utilizador ou senha incorretos.
[08-Jun-2025 17:06:31 America/Fortaleza] auth.php: Ponto de Depuração 12: Antes de exibir o formulário de login (se não estiver logado)
[08-Jun-2025 17:06:35 America/Fortaleza] auth.php: Ponto de Depuração 3: Depois de incluir db_config.php
[08-Jun-2025 17:06:35 America/Fortaleza] auth.php: Ponto de Depuração 4: Antes do processamento do POST de login. REQUEST_METHOD: POST, POST_login_isset: true
[08-Jun-2025 17:06:35 America/Fortaleza] auth.php: Ponto de Depuração 5: Dentro do processamento do POST de login. Utilizador: admin
[08-Jun-2025 17:06:35 America/Fortaleza] auth.php: Ponto de Depuração 6: Conexão PDO disponível.
[08-Jun-2025 17:06:35 America/Fortaleza] auth.php: Ponto de Depuração 7: Consulta de utilizador executada. Utilizador encontrado: Sim
[08-Jun-2025 17:06:35 America/Fortaleza] auth.php: Ponto de Depuração 8: Login bem-sucedido. Redirecionando.
[08-Jun-2025 17:06:36 America/Fortaleza] auth.php: Ponto de Depuração 3: Depois de incluir db_config.php
[08-Jun-2025 17:06:36 America/Fortaleza] auth.php: Ponto de Depuração 4: Antes do processamento do POST de login. REQUEST_METHOD: GET, POST_login_isset: false
[08-Jun-2025 17:06:36 America/Fortaleza] auth.php: Ponto de Depuração 12: Antes de exibir o formulário de login (se não estiver logado)
[08-Jun-2025 17:07:11 America/Fortaleza] auth.php: Ponto de Depuração 3: Depois de incluir db_config.php
[08-Jun-2025 17:07:11 America/Fortaleza] auth.php: Ponto de Depuração 4: Antes do processamento do POST de login. REQUEST_METHOD: GET, POST_login_isset: false
[08-Jun-2025 17:07:11 America/Fortaleza] auth.php: Ponto de Depuração 12: Antes de exibir o formulário de login (se não estiver logado)
[08-Jun-2025 17:07:11 America/Fortaleza] auth.php: Ponto de Depuração 3: Depois de incluir db_config.php
[08-Jun-2025 17:07:11 America/Fortaleza] auth.php: Ponto de Depuração 4: Antes do processamento do POST de login. REQUEST_METHOD: GET, POST_login_isset: false
[08-Jun-2025 17:07:11 America/Fortaleza] auth.php: Ponto de Depuração 12: Antes de exibir o formulário de login (se não estiver logado)
[08-Jun-2025 17:07:12 America/Fortaleza] auth.php: Ponto de Depuração 3: Depois de incluir db_config.php
[08-Jun-2025 17:07:12 America/Fortaleza] auth.php: Ponto de Depuração 4: Antes do processamento do POST de login. REQUEST_METHOD: GET, POST_login_isset: false
[08-Jun-2025 17:07:12 America/Fortaleza] auth.php: Ponto de Depuração 12: Antes de exibir o formulário de login (se não estiver logado)
[08-Jun-2025 17:07:16 America/Fortaleza] auth.php: Ponto de Depuração 3: Depois de incluir db_config.php
[08-Jun-2025 17:07:16 America/Fortaleza] auth.php: Ponto de Depuração 4: Antes do processamento do POST de login. REQUEST_METHOD: GET, POST_login_isset: false
[08-Jun-2025 17:07:16 America/Fortaleza] auth.php: Ponto de Depuração 12: Antes de exibir o formulário de login (se não estiver logado)
[08-Jun-2025 17:08:06 America/Fortaleza] auth.php: Ponto de Depuração 3: Depois de incluir db_config.php
[08-Jun-2025 17:08:06 America/Fortaleza] auth.php: Ponto de Depuração 4: Antes do processamento do POST de login. REQUEST_METHOD: POST, POST_login_isset: true
[08-Jun-2025 17:08:06 America/Fortaleza] auth.php: Ponto de Depuração 5: Dentro do processamento do POST de login. Utilizador: admin1
[08-Jun-2025 17:08:06 America/Fortaleza] auth.php: Ponto de Depuração 6: Conexão PDO disponível.
[08-Jun-2025 17:08:06 America/Fortaleza] auth.php: Ponto de Depuração 7: Consulta de utilizador executada. Utilizador encontrado: Sim
[08-Jun-2025 17:08:06 America/Fortaleza] auth.php: Ponto de Depuração 9: Utilizador ou senha incorretos.
[08-Jun-2025 17:08:06 America/Fortaleza] auth.php: Ponto de Depuração 12: Antes de exibir o formulário de login (se não estiver logado)
[08-Jun-2025 18:17:10 America/Fortaleza] API Post Debug: Post ID 1, Imagem: https://seguirplay.com/blog/blog/uploads/6845cc9b8133e.jpg, Link: https://seguirplay.com/blog/post.php?slug=deixe-seu-canal-bombando-descubra-como-a-seguir-play-impulsiona-seu-sucesso-no-youtube
[08-Jun-2025 18:17:16 America/Fortaleza] API Post Debug: Post ID 1, Imagem: https://seguirplay.com/blog/blog/uploads/6845cc9b8133e.jpg, Link: https://seguirplay.com/blog/post.php?slug=deixe-seu-canal-bombando-descubra-como-a-seguir-play-impulsiona-seu-sucesso-no-youtube
[08-Jun-2025 18:19:55 America/Fortaleza] API Post Debug: Post ID 1, Imagem: https://seguirplay.com/blog/blog/uploads/6845cc9b8133e.jpg, Link: https://seguirplay.com/blog/post.php?slug=deixe-seu-canal-bombando-descubra-como-a-seguir-play-impulsiona-seu-sucesso-no-youtube
[08-Jun-2025 18:21:04 America/Fortaleza] API Post Debug: Post ID 1, Imagem: https://seguirplay.com/blog/blog/uploads/6845cc9b8133e.jpg, Link: https://seguirplay.com/blog/post.php?slug=deixe-seu-canal-bombando-descubra-como-a-seguir-play-impulsiona-seu-sucesso-no-youtube
